#
# A fatal error has been detected by the Java Runtime Environment:
#
#  EXCEPTION_ACCESS_VIOLATION (0xc0000005) at pc=0x000000006cccb512, pid=11380, tid=0x00000000000034b8
#
# JRE version: OpenJDK Runtime Environment (8.0_212-b04) (build 1.8.0_212-release-1586-b04)
# Java VM: OpenJDK 64-Bit Server VM (25.212-b04 mixed mode windows-amd64 compressed oops)
# Problematic frame:
# V  [jvm.dll+0x8b512]
#
# Failed to write core dump. Minidumps are not enabled by default on client versions of Windows
#
# If you would like to submit a bug report, please visit:
#   
#

---------------  T H R E A D  ---------------

Current thread (0x00000000024da800):  GCTaskThread [stack: 0x0000000012090000,0x0000000012190000] [id=13496]

siginfo: ExceptionCode=0xc0000005, reading address 0x00000000000000e8

Registers:
RAX=0x0000000000000000, RBX=0x00000000fd299ff8, RCX=0x00000001009f0b80, RDX=0x00000000fd299ff8
RSP=0x000000001218f3e8, RBP=0x000000001199d781, RSI=0x00000000025aba00, RDI=0x00000000a3ae2f68
R8 =0x0000000000000000, R9 =0x00000001009f0b80, R10=0x0000000000000008, R11=0x00000000f8e60d28
R12=0x000000001199d710, R13=0x0000002e6fb8d419, R14=0x0000000000000000, R15=0x00000000024d27e0
RIP=0x000000006cccb512, EFLAGS=0x0000000000010246

Top of Stack: (sp=0x000000001218f3e8)
0x000000001218f3e8:   000000006d00eb82 00000000fd299fd8
0x000000001218f3f8:   0000000000000004 00000000025aba00
0x000000001218f408:   00000000fe01a840 00000000f8e58d38
0x000000001218f418:   000000006d00f2cb 00000000025aba00
0x000000001218f428:   000000006cd2df83 0000000000000000
0x000000001218f438:   00000000025aba00 000000001199d710
0x000000001218f448:   000000006d00eef0 00000000f8e5ece8
0x000000001218f458:   000000001199d781 00000000025aba00
0x000000001218f468:   00000000a3ae2f68 00000000f8e5ece8
0x000000001218f478:   000000006d00fa95 00000000fc55c040
0x000000001218f488:   000000001199d781 00000000025aba00
0x000000001218f498:   0000000000000003 00000000025aba00
0x000000001218f4a8:   000000006cd075ba 00000000a2e69ec4
0x000000001218f4b8:   000000006cd2f8a7 00000000025aba00
0x000000001218f4c8:   000000006cd2df83 00000000a3ae26f9
0x000000001218f4d8:   00000000a3ae26f9 00000000a3ae2774 

Instructions: (pc=0x000000006cccb512)
0x000000006cccb4f2:   e2 49 8d 0c 11 49 f7 d1 48 03 c1 49 c1 e9 03 48
0x000000006cccb502:   c1 e8 03 41 23 c1 c3 48 8b 02 48 8b d1 49 8b c9
0x000000006cccb512:   48 ff a0 e8 00 00 00 cc cc cc cc cc cc cc 80 3d
0x000000006cccb522:   4a 49 73 00 00 48 8b c1 74 1b 8b 51 08 8b 0d e3 


Register to memory mapping:

RAX=0x0000000000000000 is an unknown value
RBX=0x00000000fd299ff8 is an oop

[error occurred during error reporting (printing register info), id 0xc0000005]

Stack: [0x0000000012090000,0x0000000012190000],  sp=0x000000001218f3e8,  free space=1020k
Native frames: (J=compiled Java code, j=interpreted, Vv=VM code, C=native code)
V  [jvm.dll+0x8b512]


---------------  P R O C E S S  ---------------

Java Threads: ( => current thread )
  0x000000001d7bb000 JavaThread "ForkJoinPool-10-worker-0" daemon [_thread_blocked, id=3080, stack(0x0000000035f00000,0x0000000036000000)]
  0x000000001d7ba000 JavaThread "ForkJoinPool-10-worker-3" daemon [_thread_blocked, id=13320, stack(0x0000000035e00000,0x0000000035f00000)]
  0x000000001d7af000 JavaThread "ForkJoinPool-10-worker-2" daemon [_thread_blocked, id=6396, stack(0x0000000035d00000,0x0000000035e00000)]
  0x000000001d7b5800 JavaThread "ForkJoinPool-10-worker-1" daemon [_thread_blocked, id=3360, stack(0x0000000035c00000,0x0000000035d00000)]
  0x000000001d7ae000 JavaThread "WorkerExecutor Queue Thread 4" [_thread_blocked, id=13316, stack(0x0000000035b00000,0x0000000035c00000)]
  0x000000001d7b5000 JavaThread "WorkerExecutor Queue Thread 3" [_thread_blocked, id=4624, stack(0x0000000035a00000,0x0000000035b00000)]
  0x000000001d7ad800 JavaThread "WorkerExecutor Queue Thread 2" [_thread_blocked, id=12764, stack(0x0000000035900000,0x0000000035a00000)]
  0x000000001d7b4000 JavaThread "WorkerExecutor Queue" [_thread_blocked, id=2776, stack(0x0000000035800000,0x0000000035900000)]
  0x000000001d7b3800 JavaThread "Cache worker for Java compile cache (D:\MyPROJECT\MOBILE\Moobie\.gradle\5.6.4\javaCompile)" [_thread_blocked, id=9280, stack(0x0000000035700000,0x0000000035800000)]
  0x000000001d7b0800 JavaThread "Cache worker for execution history cache (D:\MyPROJECT\MOBILE\Moobie\.gradle\5.6.4\executionHistory)" [_thread_blocked, id=11112, stack(0x0000000035600000,0x0000000035700000)]
  0x000000001d7b2800 JavaThread "Execution worker for ':' Thread 3" [_thread_blocked, id=4280, stack(0x0000000035500000,0x0000000035600000)]
  0x000000001d7b1000 JavaThread "Execution worker for ':' Thread 2" [_thread_blocked, id=8776, stack(0x0000000035400000,0x0000000035500000)]
  0x000000001db57800 JavaThread "Execution worker for ':'" [_thread_blocked, id=8468, stack(0x0000000035300000,0x0000000035400000)]
  0x000000001db56800 JavaThread "Cache worker for file content cache (D:\MyPROJECT\MOBILE\Moobie\.gradle\5.6.4\fileContent)" [_thread_blocked, id=5344, stack(0x0000000035200000,0x0000000035300000)]
  0x000000001db51800 JavaThread "Cache worker for Build Output Cleanup Cache (D:\MyPROJECT\MOBILE\Moobie\.gradle\buildOutputCleanup)" [_thread_blocked, id=3004, stack(0x0000000035100000,0x0000000035200000)]
  0x000000001db52000 JavaThread "Build operations Thread 4" [_thread_blocked, id=5700, stack(0x0000000035000000,0x0000000035100000)]
  0x000000001db56000 JavaThread "Build operations Thread 3" [_thread_blocked, id=11976, stack(0x0000000034f00000,0x0000000035000000)]
  0x000000001db54800 JavaThread "Build operations Thread 2" [_thread_blocked, id=6540, stack(0x0000000034e00000,0x0000000034f00000)]
  0x000000001db55000 JavaThread "Build operations" [_thread_blocked, id=4692, stack(0x0000000034d00000,0x0000000034e00000)]
  0x000000001db53000 JavaThread "Cache worker for cache directory md-rule (C:\Users\bayu.ragil\.gradle\caches\5.6.4\md-rule)" [_thread_blocked, id=10368, stack(0x0000000034c00000,0x0000000034d00000)]
  0x000000001db48800 JavaThread "Cache worker for cache directory md-supplier (C:\Users\bayu.ragil\.gradle\caches\5.6.4\md-supplier)" [_thread_blocked, id=8604, stack(0x0000000034b00000,0x0000000034c00000)]
  0x000000001db4f000 JavaThread "Cache worker for file hash cache (D:\MyPROJECT\MOBILE\Moobie\.gradle\5.6.4\fileHashes)" [_thread_blocked, id=6576, stack(0x0000000034a00000,0x0000000034b00000)]
  0x000000001db4e800 JavaThread "Thread-116" [_thread_blocked, id=11364, stack(0x0000000034900000,0x0000000034a00000)]
  0x000000001db4d800 JavaThread "Stdin handler" [_thread_blocked, id=13820, stack(0x0000000034800000,0x0000000034900000)]
  0x000000001db4a000 JavaThread "Asynchronous log dispatcher for DefaultDaemonConnection: socket connection from /127.0.0.1:62957 to /127.0.0.1:56866" [_thread_blocked, id=2820, stack(0x0000000034700000,0x0000000034800000)]
  0x000000001db4d000 JavaThread "Cancel handler" [_thread_blocked, id=11384, stack(0x0000000034600000,0x0000000034700000)]
  0x000000001db4b800 JavaThread "Handler for socket connection from /127.0.0.1:62957 to /127.0.0.1:56866" [_thread_in_native, id=876, stack(0x0000000034500000,0x0000000034600000)]
  0x000000001d7af800 JavaThread "Daemon worker Thread 4" [_thread_blocked, id=3816, stack(0x0000000032600000,0x0000000032700000)]
  0x000000001d7b2000 JavaThread "Daemon Thread 4" [_thread_blocked, id=3324, stack(0x0000000032300000,0x0000000032400000)]
  0x000000001db50000 JavaThread "Cache worker for Java compile cache (C:\Users\bayu.ragil\.gradle\caches\5.6.4\javaCompile)" [_thread_blocked, id=10220, stack(0x00000000296c0000,0x00000000297c0000)]
  0x0000000018e4d000 JavaThread "Cache worker for file content cache (C:\Users\bayu.ragil\.gradle\caches\5.6.4\fileContent)" [_thread_blocked, id=12108, stack(0x0000000022fb0000,0x00000000230b0000)]
  0x0000000018e4a800 JavaThread "Memory manager" [_thread_blocked, id=10820, stack(0x0000000022eb0000,0x0000000022fb0000)]
  0x0000000018e4a000 JavaThread "Cache worker for execution history cache (C:\Users\bayu.ragil\.gradle\caches\5.6.4\executionHistory)" [_thread_blocked, id=8492, stack(0x00000000201e0000,0x00000000202e0000)]
  0x0000000017c0b800 JavaThread "Cache worker for journal cache (C:\Users\bayu.ragil\.gradle\caches\journal-1)" [_thread_blocked, id=10940, stack(0x000000001baa0000,0x000000001bba0000)]
  0x0000000017c0e800 JavaThread "File lock request listener" [_thread_in_native, id=8892, stack(0x000000001b9a0000,0x000000001baa0000)]
  0x0000000019466800 JavaThread "Cache worker for file hash cache (C:\Users\bayu.ragil\.gradle\caches\5.6.4\fileHashes)" [_thread_blocked, id=208, stack(0x000000001b8a0000,0x000000001b9a0000)]
  0x000000001980e800 JavaThread "Daemon periodic checks" [_thread_blocked, id=13780, stack(0x000000001aea0000,0x000000001afa0000)]
  0x000000001980d000 JavaThread "Incoming local TCP Connector on port 62957" [_thread_in_native, id=6864, stack(0x000000001ac60000,0x000000001ad60000)]
  0x0000000019763800 JavaThread "Daemon health stats" [_thread_blocked, id=8716, stack(0x000000001a620000,0x000000001a720000)]
  0x00000000178a0800 JavaThread "Service Thread" daemon [_thread_blocked, id=8800, stack(0x0000000017c80000,0x0000000017d80000)]
  0x0000000015f37800 JavaThread "C1 CompilerThread2" daemon [_thread_blocked, id=11964, stack(0x0000000017780000,0x0000000017880000)]
  0x0000000015f31000 JavaThread "C2 CompilerThread1" daemon [_thread_in_native, id=10852, stack(0x0000000017680000,0x0000000017780000)]
  0x0000000015f2c800 JavaThread "C2 CompilerThread0" daemon [_thread_blocked, id=10268, stack(0x0000000017580000,0x0000000017680000)]
  0x0000000015f2b000 JavaThread "Attach Listener" daemon [_thread_blocked, id=12744, stack(0x0000000017480000,0x0000000017580000)]
  0x0000000015f29800 JavaThread "Signal Dispatcher" daemon [_thread_blocked, id=5816, stack(0x0000000017380000,0x0000000017480000)]
  0x00000000025bc000 JavaThread "Finalizer" daemon [_thread_blocked, id=11268, stack(0x0000000017190000,0x0000000017290000)]
  0x0000000015f19000 JavaThread "Reference Handler" daemon [_thread_blocked, id=12656, stack(0x0000000017090000,0x0000000017190000)]
  0x00000000022be800 JavaThread "main" [_thread_blocked, id=948, stack(0x00000000023c0000,0x00000000024c0000)]

Other Threads:
  0x0000000015ef7000 VMThread [stack: 0x0000000016f90000,0x0000000017090000] [id=6656]
  0x0000000015f8d800 WatcherThread [stack: 0x0000000017d80000,0x0000000017e80000] [id=11412]

=>0x00000000024da800 (exited) GCTaskThread [stack: 0x0000000012090000,0x0000000012190000] [id=13496]

VM state:at safepoint (normal execution)

VM Mutex/Monitor currently owned by a thread:  ([mutex/lock_event])
[0x00000000022bd2c0] Threads_lock - owner thread: 0x0000000015ef7000
[0x00000000022bc8c0] Heap_lock - owner thread: 0x000000001d7b5000

heap address: 0x00000000a0000000, size: 1536 MB, Compressed Oops mode: 32-bit
Narrow klass base: 0x0000000000000000, Narrow klass shift: 3
Compressed class space size: 1073741824 Address: 0x0000000100000000

Heap:
 PSYoungGen      total 456192K, used 436118K [0x00000000e0000000, 0x0000000100000000, 0x0000000100000000)
  eden space 393216K, 100% used [0x00000000e0000000,0x00000000f8000000,0x00000000f8000000)
  from space 62976K, 68% used [0x00000000fc180000,0x00000000feb659a8,0x00000000fff00000)
  to   space 65536K, 52% used [0x00000000f8000000,0x00000000fa1a8688,0x00000000fc000000)
 ParOldGen       total 203264K, used 90963K [0x00000000a0000000, 0x00000000ac680000, 0x00000000e0000000)
  object space 203264K, 44% used [0x00000000a0000000,0x00000000a58d4cb0,0x00000000ac680000)
 Metaspace       used 91535K, capacity 95542K, committed 95768K, reserved 1132544K
  class space    used 11680K, capacity 12476K, committed 12568K, reserved 1048576K

Card table byte_map: [0x0000000011980000,0x0000000011c90000] byte_map_base: 0x0000000011480000

Marking Bits: (ParMarkBitMap*) 0x000000006d409f30
 Begin Bits: [0x0000000012290000, 0x0000000013a90000)
 End Bits:   [0x0000000013a90000, 0x0000000015290000)

Polling page: 0x0000000000c40000

CodeCache: size=245760Kb used=64489Kb max_used=64719Kb free=181271Kb
 bounds [0x00000000025c0000, 0x0000000006550000, 0x00000000115c0000]
 total_blobs=18670 nmethods=17795 adapters=784
 compilation: enabled

Compilation events (10 events):
Event: 839.434 Thread 0x0000000015f37800 nmethod 23189 0x0000000004e31b50 code [0x0000000004e31ca0, 0x0000000004e31db0]
Event: 839.438 Thread 0x0000000015f2c800 nmethod 23188 0x000000000523dbd0 code [0x000000000523dd20, 0x000000000523de18]
Event: 839.468 Thread 0x0000000015f2c800 23190       4       com.android.tools.r8.code.Z2::a (11 bytes)
Event: 839.472 Thread 0x0000000015f37800 23191       3       com.android.tools.r8.code.n::a (1 bytes)
Event: 839.473 Thread 0x0000000015f37800 nmethod 23191 0x00000000027bef90 code [0x00000000027bf0e0, 0x00000000027bf230]
Event: 839.473 Thread 0x0000000015f2c800 nmethod 23190 0x00000000036f3910 code [0x00000000036f3ac0, 0x00000000036f3df0]
Event: 839.474 Thread 0x0000000015f37800 23192       3       com.android.tools.r8.code.O3::a (1 bytes)
Event: 839.475 Thread 0x0000000015f37800 nmethod 23192 0x0000000006532950 code [0x0000000006532aa0, 0x0000000006532bf0]
Event: 839.522 Thread 0x0000000015f37800 23193       3       com.android.tools.r8.code.p1::a (1 bytes)
Event: 839.522 Thread 0x0000000015f37800 nmethod 23193 0x00000000036ad390 code [0x00000000036ad4e0, 0x00000000036ad630]

GC Heap History (10 events):
Event: 694.150 GC heap after
Heap after GC invocations=24 (full 4):
 PSYoungGen      total 364032K, used 13331K [0x00000000e0000000, 0x00000000f9380000, 0x0000000100000000)
  eden space 332288K, 0% used [0x00000000e0000000,0x00000000e0000000,0x00000000f4480000)
  from space 31744K, 41% used [0x00000000f7480000,0x00000000f8184c60,0x00000000f9380000)
  to   space 40448K, 0% used [0x00000000f4480000,0x00000000f4480000,0x00000000f6c00000)
 ParOldGen       total 203264K, used 60181K [0x00000000a0000000, 0x00000000ac680000, 0x00000000e0000000)
  object space 203264K, 29% used [0x00000000a0000000,0x00000000a3ac54d0,0x00000000ac680000)
 Metaspace       used 89513K, capacity 93018K, committed 93336K, reserved 1130496K
  class space    used 11533K, capacity 12270K, committed 12440K, reserved 1048576K
}
Event: 703.086 GC heap before
{Heap before GC invocations=25 (full 4):
 PSYoungGen      total 364032K, used 345619K [0x00000000e0000000, 0x00000000f9380000, 0x0000000100000000)
  eden space 332288K, 100% used [0x00000000e0000000,0x00000000f4480000,0x00000000f4480000)
  from space 31744K, 41% used [0x00000000f7480000,0x00000000f8184c60,0x00000000f9380000)
  to   space 40448K, 0% used [0x00000000f4480000,0x00000000f4480000,0x00000000f6c00000)
 ParOldGen       total 203264K, used 60181K [0x00000000a0000000, 0x00000000ac680000, 0x00000000e0000000)
  object space 203264K, 29% used [0x00000000a0000000,0x00000000a3ac54d0,0x00000000ac680000)
 Metaspace       used 90579K, capacity 94238K, committed 94360K, reserved 1130496K
  class space    used 11622K, capacity 12380K, committed 12440K, reserved 1048576K
Event: 703.132 GC heap after
Heap after GC invocations=25 (full 4):
 PSYoungGen      total 372736K, used 21872K [0x00000000e0000000, 0x00000000fb480000, 0x0000000100000000)
  eden space 332288K, 0% used [0x00000000e0000000,0x00000000e0000000,0x00000000f4480000)
  from space 40448K, 54% used [0x00000000f4480000,0x00000000f59dc0f8,0x00000000f6c00000)
  to   space 39936K, 0% used [0x00000000f8d80000,0x00000000f8d80000,0x00000000fb480000)
 ParOldGen       total 203264K, used 60189K [0x00000000a0000000, 0x00000000ac680000, 0x00000000e0000000)
  object space 203264K, 29% used [0x00000000a0000000,0x00000000a3ac74d0,0x00000000ac680000)
 Metaspace       used 90579K, capacity 94238K, committed 94360K, reserved 1130496K
  class space    used 11622K, capacity 12380K, committed 12440K, reserved 1048576K
}
Event: 707.329 GC heap before
{Heap before GC invocations=26 (full 4):
 PSYoungGen      total 372736K, used 354160K [0x00000000e0000000, 0x00000000fb480000, 0x0000000100000000)
  eden space 332288K, 100% used [0x00000000e0000000,0x00000000f4480000,0x00000000f4480000)
  from space 40448K, 54% used [0x00000000f4480000,0x00000000f59dc0f8,0x00000000f6c00000)
  to   space 39936K, 0% used [0x00000000f8d80000,0x00000000f8d80000,0x00000000fb480000)
 ParOldGen       total 203264K, used 60189K [0x00000000a0000000, 0x00000000ac680000, 0x00000000e0000000)
  object space 203264K, 29% used [0x00000000a0000000,0x00000000a3ac74d0,0x00000000ac680000)
 Metaspace       used 90755K, capacity 94420K, committed 94616K, reserved 1132544K
  class space    used 11629K, capacity 12389K, committed 12440K, reserved 1048576K
Event: 707.450 GC heap after
Heap after GC invocations=26 (full 4):
 PSYoungGen      total 391680K, used 39931K [0x00000000e0000000, 0x00000000fe200000, 0x0000000100000000)
  eden space 351744K, 0% used [0x00000000e0000000,0x00000000e0000000,0x00000000f5780000)
  from space 39936K, 99% used [0x00000000f8d80000,0x00000000fb47edd0,0x00000000fb480000)
  to   space 55296K, 0% used [0x00000000f5780000,0x00000000f5780000,0x00000000f8d80000)
 ParOldGen       total 203264K, used 86162K [0x00000000a0000000, 0x00000000ac680000, 0x00000000e0000000)
  object space 203264K, 42% used [0x00000000a0000000,0x00000000a5424af0,0x00000000ac680000)
 Metaspace       used 90755K, capacity 94420K, committed 94616K, reserved 1132544K
  class space    used 11629K, capacity 12389K, committed 12440K, reserved 1048576K
}
Event: 780.574 GC heap before
{Heap before GC invocations=27 (full 4):
 PSYoungGen      total 391680K, used 391675K [0x00000000e0000000, 0x00000000fe200000, 0x0000000100000000)
  eden space 351744K, 100% used [0x00000000e0000000,0x00000000f5780000,0x00000000f5780000)
  from space 39936K, 99% used [0x00000000f8d80000,0x00000000fb47edd0,0x00000000fb480000)
  to   space 55296K, 0% used [0x00000000f5780000,0x00000000f5780000,0x00000000f8d80000)
 ParOldGen       total 203264K, used 86162K [0x00000000a0000000, 0x00000000ac680000, 0x00000000e0000000)
  object space 203264K, 42% used [0x00000000a0000000,0x00000000a5424af0,0x00000000ac680000)
 Metaspace       used 91311K, capacity 95234K, committed 95512K, reserved 1132544K
  class space    used 11672K, capacity 12462K, committed 12568K, reserved 1048576K
Event: 780.661 GC heap after
Heap after GC invocations=27 (full 4):
 PSYoungGen      total 407040K, used 51931K [0x00000000e0000000, 0x00000000fff00000, 0x0000000100000000)
  eden space 351744K, 0% used [0x00000000e0000000,0x00000000e0000000,0x00000000f5780000)
  from space 55296K, 93% used [0x00000000f5780000,0x00000000f8a36d18,0x00000000f8d80000)
  to   space 62976K, 0% used [0x00000000fc180000,0x00000000fc180000,0x00000000fff00000)
 ParOldGen       total 203264K, used 90955K [0x00000000a0000000, 0x00000000ac680000, 0x00000000e0000000)
  object space 203264K, 44% used [0x00000000a0000000,0x00000000a58d2cb0,0x00000000ac680000)
 Metaspace       used 91311K, capacity 95234K, committed 95512K, reserved 1132544K
  class space    used 11672K, capacity 12462K, committed 12568K, reserved 1048576K
}
Event: 785.138 GC heap before
{Heap before GC invocations=28 (full 4):
 PSYoungGen      total 407040K, used 403675K [0x00000000e0000000, 0x00000000fff00000, 0x0000000100000000)
  eden space 351744K, 100% used [0x00000000e0000000,0x00000000f5780000,0x00000000f5780000)
  from space 55296K, 93% used [0x00000000f5780000,0x00000000f8a36d18,0x00000000f8d80000)
  to   space 62976K, 0% used [0x00000000fc180000,0x00000000fc180000,0x00000000fff00000)
 ParOldGen       total 203264K, used 90955K [0x00000000a0000000, 0x00000000ac680000, 0x00000000e0000000)
  object space 203264K, 44% used [0x00000000a0000000,0x00000000a58d2cb0,0x00000000ac680000)
 Metaspace       used 91357K, capacity 95282K, committed 95512K, reserved 1132544K
  class space    used 11675K, capacity 12468K, committed 12568K, reserved 1048576K
Event: 785.210 GC heap after
Heap after GC invocations=28 (full 4):
 PSYoungGen      total 456192K, used 42902K [0x00000000e0000000, 0x0000000100000000, 0x0000000100000000)
  eden space 393216K, 0% used [0x00000000e0000000,0x00000000e0000000,0x00000000f8000000)
  from space 62976K, 68% used [0x00000000fc180000,0x00000000feb659a8,0x00000000fff00000)
  to   space 65536K, 0% used [0x00000000f8000000,0x00000000f8000000,0x00000000fc000000)
 ParOldGen       total 203264K, used 90963K [0x00000000a0000000, 0x00000000ac680000, 0x00000000e0000000)
  object space 203264K, 44% used [0x00000000a0000000,0x00000000a58d4cb0,0x00000000ac680000)
 Metaspace       used 91357K, capacity 95282K, committed 95512K, reserved 1132544K
  class space    used 11675K, capacity 12468K, committed 12568K, reserved 1048576K
}
Event: 839.523 GC heap before
{Heap before GC invocations=29 (full 4):
 PSYoungGen      total 456192K, used 436118K [0x00000000e0000000, 0x0000000100000000, 0x0000000100000000)
  eden space 393216K, 100% used [0x00000000e0000000,0x00000000f8000000,0x00000000f8000000)
  from space 62976K, 68% used [0x00000000fc180000,0x00000000feb659a8,0x00000000fff00000)
  to   space 65536K, 0% used [0x00000000f8000000,0x00000000f8000000,0x00000000fc000000)
 ParOldGen       total 203264K, used 90963K [0x00000000a0000000, 0x00000000ac680000, 0x00000000e0000000)
  object space 203264K, 44% used [0x00000000a0000000,0x00000000a58d4cb0,0x00000000ac680000)
 Metaspace       used 91535K, capacity 95542K, committed 95768K, reserved 1132544K
  class space    used 11680K, capacity 12476K, committed 12568K, reserved 1048576K

Deoptimization events (10 events):
Event: 835.164 Thread 0x000000001db57800 Uncommon trap: reason=unstable_if action=reinterpret pc=0x0000000003b60360 method=org.gradle.api.internal.tasks.compile.incremental.deps.DependentsSet.dependents(Ljava/util/Set;Ljava/util/Set;)Lorg/gradle/api/internal/tasks/compile/incremental/deps/Depend
Event: 835.524 Thread 0x000000001db57800 Uncommon trap: reason=array_check action=maybe_recompile pc=0x0000000006409b4c method=java.util.ComparableTimSort.mergeHi(IIII)V @ 101
Event: 835.524 Thread 0x000000001db57800 Uncommon trap: reason=array_check action=maybe_recompile pc=0x0000000006409b4c method=java.util.ComparableTimSort.mergeHi(IIII)V @ 101
Event: 835.525 Thread 0x000000001db57800 Uncommon trap: reason=array_check action=maybe_recompile pc=0x0000000006409b4c method=java.util.ComparableTimSort.mergeHi(IIII)V @ 101
Event: 835.525 Thread 0x000000001db57800 Uncommon trap: reason=array_check action=maybe_recompile pc=0x0000000006409b4c method=java.util.ComparableTimSort.mergeHi(IIII)V @ 101
Event: 835.525 Thread 0x000000001db57800 Uncommon trap: reason=array_check action=maybe_recompile pc=0x0000000005becd70 method=java.util.ComparableTimSort.mergeHi(IIII)V @ 245
Event: 835.526 Thread 0x000000001db57800 Uncommon trap: reason=array_check action=maybe_recompile pc=0x0000000005becde8 method=java.util.ComparableTimSort.mergeHi(IIII)V @ 277
Event: 835.526 Thread 0x000000001db57800 Uncommon trap: reason=array_check action=maybe_recompile pc=0x0000000005becd70 method=java.util.ComparableTimSort.mergeHi(IIII)V @ 245
Event: 835.582 Thread 0x000000001db57800 Uncommon trap: reason=predicate action=maybe_recompile pc=0x00000000045cb938 method=java.util.ComparableTimSort.mergeHi(IIII)V @ 185
Event: 838.236 Thread 0x000000001d7ad800 Uncommon trap: reason=null_check action=make_not_entrant pc=0x000000000615f9c4 method=com.android.tools.r8.u.c.o.a(II)Lcom/android/tools/r8/graph/r; @ 14

Classes redefined (0 events):
No events

Internal exceptions (10 events):
Event: 838.257 Thread 0x000000001d7b4000 Exception <a 'sun/nio/fs/WindowsException'> (0x00000000ede60690) thrown at [D:\src\AOSP-openjdk-cygwin\jdk8u\hotspot\src\share\vm\prims\jni.cpp, line 710]
Event: 838.281 Thread 0x000000001d7ad800 Exception <a 'sun/nio/fs/WindowsException'> (0x00000000ee36fae8) thrown at [D:\src\AOSP-openjdk-cygwin\jdk8u\hotspot\src\share\vm\prims\jni.cpp, line 710]
Event: 838.321 Thread 0x000000001d7ad800 Exception <a 'sun/nio/fs/WindowsException'> (0x00000000ee3790a0) thrown at [D:\src\AOSP-openjdk-cygwin\jdk8u\hotspot\src\share\vm\prims\jni.cpp, line 710]
Event: 838.338 Thread 0x000000001d7ad800 Exception <a 'sun/nio/fs/WindowsException'> (0x00000000ee380148) thrown at [D:\src\AOSP-openjdk-cygwin\jdk8u\hotspot\src\share\vm\prims\jni.cpp, line 710]
Event: 838.346 Thread 0x000000001d7ad800 Exception <a 'sun/nio/fs/WindowsException'> (0x00000000ee38fb58) thrown at [D:\src\AOSP-openjdk-cygwin\jdk8u\hotspot\src\share\vm\prims\jni.cpp, line 710]
Event: 838.352 Thread 0x000000001d7ad800 Exception <a 'sun/nio/fs/WindowsException'> (0x00000000ee397ba8) thrown at [D:\src\AOSP-openjdk-cygwin\jdk8u\hotspot\src\share\vm\prims\jni.cpp, line 710]
Event: 838.358 Thread 0x000000001d7ad800 Exception <a 'sun/nio/fs/WindowsException'> (0x00000000ee3a1320) thrown at [D:\src\AOSP-openjdk-cygwin\jdk8u\hotspot\src\share\vm\prims\jni.cpp, line 710]
Event: 838.364 Thread 0x000000001d7ad800 Exception <a 'sun/nio/fs/WindowsException'> (0x00000000ee5682c0) thrown at [D:\src\AOSP-openjdk-cygwin\jdk8u\hotspot\src\share\vm\prims\jni.cpp, line 710]
Event: 838.370 Thread 0x000000001d7ad800 Exception <a 'sun/nio/fs/WindowsException'> (0x00000000ee56fe20) thrown at [D:\src\AOSP-openjdk-cygwin\jdk8u\hotspot\src\share\vm\prims\jni.cpp, line 710]
Event: 838.877 Thread 0x000000001d7b5000 Exception <a 'sun/nio/fs/WindowsException'> (0x00000000f064f698) thrown at [D:\src\AOSP-openjdk-cygwin\jdk8u\hotspot\src\share\vm\prims\jni.cpp, line 710]

Events (10 events):
Event: 839.342 Thread 0x0000000015f37800 flushing nmethod 0x0000000002c0ab10
Event: 839.347 Thread 0x0000000015f2c800 flushing nmethod 0x0000000003334fd0
Event: 839.354 Thread 0x0000000015f37800 flushing nmethod 0x00000000038a93d0
Event: 839.356 Executing VM operation: RevokeBias
Event: 839.357 Executing VM operation: RevokeBias done
Event: 839.357 Thread 0x000000001d7b5000 DEOPT PACKING pc=0x0000000005a47cb9 sp=0x0000000035afdd40
Event: 839.357 Thread 0x000000001d7b5000 DEOPT UNPACKING pc=0x00000000026075d0 sp=0x0000000035afdb28 mode 0
Event: 839.358 Thread 0x0000000015f37800 flushing nmethod 0x0000000003d07a50
Event: 839.399 Thread 0x0000000015f37800 flushing nmethod 0x0000000004a01650
Event: 839.522 Executing VM operation: ParallelGCFailedAllocation


Dynamic libraries:
0x00007ff770ef0000 - 0x00007ff770f21000 	C:\Program Files\Android\Android Studio\jre\bin\java.exe
0x00007fff1ac40000 - 0x00007fff1ae21000 	C:\WINDOWS\SYSTEM32\ntdll.dll
0x00007fff18610000 - 0x00007fff186c2000 	C:\WINDOWS\System32\KERNEL32.DLL
0x00007fff16830000 - 0x00007fff16aa3000 	C:\WINDOWS\System32\KERNELBASE.dll
0x00007fff18460000 - 0x00007fff18501000 	C:\WINDOWS\System32\ADVAPI32.dll
0x00007fff18d30000 - 0x00007fff18dce000 	C:\WINDOWS\System32\msvcrt.dll
0x00007fff191c0000 - 0x00007fff1921b000 	C:\WINDOWS\System32\sechost.dll
0x00007fff186d0000 - 0x00007fff187f4000 	C:\WINDOWS\System32\RPCRT4.dll
0x00007fff1a6e0000 - 0x00007fff1a870000 	C:\WINDOWS\System32\USER32.dll
0x00007fff16d00000 - 0x00007fff16d20000 	C:\WINDOWS\System32\win32u.dll
0x00007fff1a8e0000 - 0x00007fff1a908000 	C:\WINDOWS\System32\GDI32.dll
0x00007fff16d70000 - 0x00007fff16f02000 	C:\WINDOWS\System32\gdi32full.dll
0x00007fff16c60000 - 0x00007fff16cff000 	C:\WINDOWS\System32\msvcp_win.dll
0x00007fff16ab0000 - 0x00007fff16baa000 	C:\WINDOWS\System32\ucrtbase.dll
0x00007fff08090000 - 0x00007fff082f9000 	C:\WINDOWS\WinSxS\amd64_microsoft.windows.common-controls_6595b64144ccf1df_6.0.17134.1_none_e4da93291059d8fb\COMCTL32.dll
0x00007fff17890000 - 0x00007fff17bb3000 	C:\WINDOWS\System32\combase.dll
0x00007fff17810000 - 0x00007fff1788a000 	C:\WINDOWS\System32\bcryptPrimitives.dll
0x00007fff1a8b0000 - 0x00007fff1a8dd000 	C:\WINDOWS\System32\IMM32.DLL
0x000000006cb60000 - 0x000000006cc32000 	C:\Program Files\Android\Android Studio\jre\jre\bin\msvcr100.dll
0x000000006cc40000 - 0x000000006d486000 	C:\Program Files\Android\Android Studio\jre\jre\bin\server\jvm.dll
0x00007fff19290000 - 0x00007fff19299000 	C:\WINDOWS\System32\WSOCK32.dll
0x00007fff19220000 - 0x00007fff1928c000 	C:\WINDOWS\System32\WS2_32.dll
0x00007fff18de0000 - 0x00007fff18dea000 	C:\WINDOWS\System32\VERSION.dll
0x00007fff18dd0000 - 0x00007fff18dd8000 	C:\WINDOWS\System32\PSAPI.DLL
0x00007fff141e0000 - 0x00007fff14203000 	C:\WINDOWS\SYSTEM32\WINMM.dll
0x00007fff141b0000 - 0x00007fff141da000 	C:\WINDOWS\SYSTEM32\winmmbase.dll
0x00007fff16d20000 - 0x00007fff16d69000 	C:\WINDOWS\System32\cfgmgr32.dll
0x00007fff11560000 - 0x00007fff1156f000 	C:\Program Files\Android\Android Studio\jre\jre\bin\verify.dll
0x00007fff066f0000 - 0x00007fff06719000 	C:\Program Files\Android\Android Studio\jre\jre\bin\java.dll
0x00007fff0d660000 - 0x00007fff0d676000 	C:\Program Files\Android\Android Studio\jre\jre\bin\zip.dll
0x00007fff192a0000 - 0x00007fff1a6e0000 	C:\WINDOWS\System32\SHELL32.dll
0x00007fff18c80000 - 0x00007fff18d29000 	C:\WINDOWS\System32\shcore.dll
0x00007fff16f10000 - 0x00007fff1761d000 	C:\WINDOWS\System32\windows.storage.dll
0x00007fff18b50000 - 0x00007fff18ba1000 	C:\WINDOWS\System32\shlwapi.dll
0x00007fff16790000 - 0x00007fff167a1000 	C:\WINDOWS\System32\kernel.appcore.dll
0x00007fff167b0000 - 0x00007fff167cf000 	C:\WINDOWS\System32\profapi.dll
0x00007fff16710000 - 0x00007fff1675c000 	C:\WINDOWS\System32\powrprof.dll
0x00007fff16780000 - 0x00007fff1678a000 	C:\WINDOWS\System32\FLTLIB.DLL
0x00007fff0d450000 - 0x00007fff0d46a000 	C:\Program Files\Android\Android Studio\jre\jre\bin\net.dll
0x00007fff18980000 - 0x00007fff18b4c000 	C:\WINDOWS\System32\urlmon.dll
0x00007fff18010000 - 0x00007fff182b2000 	C:\WINDOWS\System32\iertutil.dll
0x00007fff16160000 - 0x00007fff1616b000 	C:\WINDOWS\SYSTEM32\CRYPTBASE.DLL
0x00007fff15f90000 - 0x00007fff15ff6000 	C:\WINDOWS\system32\mswsock.dll
0x00007fff066d0000 - 0x00007fff066e3000 	C:\Program Files\Android\Android Studio\jre\jre\bin\nio.dll
0x00007fff00fe0000 - 0x00007fff01006000 	C:\Users\bayu.ragil\.gradle\native\30\windows-amd64\native-platform.dll
0x00007fff0c520000 - 0x00007fff0c52d000 	C:\Program Files\Android\Android Studio\jre\jre\bin\management.dll
0x00007fff16140000 - 0x00007fff16157000 	C:\WINDOWS\SYSTEM32\CRYPTSP.dll
0x00007fff15b70000 - 0x00007fff15ba3000 	C:\WINDOWS\system32\rsaenh.dll
0x00007fff16270000 - 0x00007fff16295000 	C:\WINDOWS\SYSTEM32\bcrypt.dll
0x00007fff16610000 - 0x00007fff16638000 	C:\WINDOWS\SYSTEM32\USERENV.dll
0x00007fff15d10000 - 0x00007fff15d48000 	C:\WINDOWS\SYSTEM32\IPHLPAPI.DLL
0x00007fff18450000 - 0x00007fff18458000 	C:\WINDOWS\System32\NSI.dll
0x00007fff117c0000 - 0x00007fff117d6000 	C:\WINDOWS\SYSTEM32\dhcpcsvc6.DLL
0x00007fff117a0000 - 0x00007fff117ba000 	C:\WINDOWS\SYSTEM32\dhcpcsvc.DLL
0x00007fff15180000 - 0x00007fff15349000 	C:\WINDOWS\SYSTEM32\dbghelp.dll

VM Arguments:
jvm_args: -Xmx1536m -Dfile.encoding=windows-1252 -Duser.country=US -Duser.language=en -Duser.variant 
java_command: org.gradle.launcher.daemon.bootstrap.GradleDaemon 5.6.4
java_class_path (initial): C:\Users\bayu.ragil\.gradle\wrapper\dists\gradle-5.6.4-all\ankdp27end7byghfw1q2sw75f\gradle-5.6.4\lib\gradle-launcher-5.6.4.jar
Launcher Type: SUN_STANDARD

Environment Variables:
PATH=C:\WINDOWS\system32;C:\WINDOWS;C:\WINDOWS\system32\Wbem;C:\WINDOWS\system32;C:\WINDOWS;C:\WINDOWS\system32\Wbem;C:\WINDOWS\System32\WindowsPowerShell\v1.0\;C:\WINDOWS\System32\OpenSSH\;C:\Program Files\TortoiseSVN\bin;C:\Program Files\Git\cmd;C:\Program Files (x86)\NVIDIA Corporation\PhysX\Common;C:\Users\bayu.ragil\AppData\Local\Microsoft\WindowsApps;C:\adb;C:\Program Files\NVIDIA Corporation\NVIDIA NvDLISR;C:\Program Files (x86)\QuickTime\QTSystem\;C:\Program Files\nodejs\;C:\Users\bayu.ragil\AppData\Local\Microsoft\WindowsApps;C:\Users\bayu.ragil\AppData\Local\Programs\Microsoft VS Code\bin;C:\Users\bayu.ragil\AppData\Roaming\npm;D:\flutter\flutter\bin;C:\Users\bayu.ragil\.gradle\wrapper\dists\gradle-5.6.2-all\9st6wgf78h16so49nn74lgtbb\gradle-5.6.2\bin;
USERNAME=bayu.ragil
OS=Windows_NT
PROCESSOR_IDENTIFIER=Intel64 Family 6 Model 69 Stepping 1, GenuineIntel



---------------  S Y S T E M  ---------------

OS: Windows 10.0 , 64 bit Build 17134 (10.0.17134.1)

CPU:total 4 (initial active 4) (2 cores per cpu, 2 threads per core) family 6 model 69 stepping 1, cmov, cx8, fxsr, mmx, sse, sse2, sse3, ssse3, sse4.1, sse4.2, popcnt, avx, avx2, aes, clmul, erms, lzcnt, ht, tsc, tscinvbit, bmi1, bmi2

Memory: 4k page, physical 8268944k(1393396k free), swap 16657552k(7121020k free)

vm_info: OpenJDK 64-Bit Server VM (25.212-b04) for windows-amd64 JRE (1.8.0_212-release-1586-b04), built by "builder" with MS VC++ 10.0 (VS2010)

time: Mon Jun 15 13:46:00 2020
timezone: SE Asia Standard Time
elapsed time: 839 seconds (0d 0h 13m 59s)

